2024-09-27 15:53:22 - 设备 HYJNW19219000220 上的 fastbot 仍在运行...
-------------等待 120 秒后再次检查------


2024-09-27 15:55:22 - 设备 HYJNW19219000220 上的 fastbot 仍在运行...
-------------等待 120 秒后再次检查------


2024-09-27 15:57:22 - 设备 HYJNW19219000220 上的 fastbot 仍在运行...
-------------等待 120 秒后再次检查------


2024-09-27 15:59:22 - 设备 HYJNW19219000220 上的 fastbot 仍在运行...
-------------等待 120 秒后再次检查------


2024-09-27 16:01:23 - 设备 HYJNW19219000220 上的 fastbot 仍在运行...
-------------等待 120 秒后再次检查------


2024-09-27 16:03:23 - 设备 HYJNW19219000220 上的 fastbot 仍在运行...
-------------等待 120 秒后再次检查------


2024-09-27 16:05:23 - 设备 HYJNW19219000220 上的 fastbot 仍在运行...
-------------等待 120 秒后再次检查------


2024-09-27 16:07:23 - 设备 HYJNW19219000220 的 fastbot 已完成，开始下载结果文件进行分析
开始分析设备 HYJNW19219000220 的 fastbot 执行结果...
远程 地址/sdcard/fastbot-com.weo.projectz--running-minutes-15
本地 地址./fastbot_monitor_logs/HYJNW19219000220_results
/sdcard/fastbot-com.weo.projectz--running-minutes-15/: 1 file pulled, 0 skipped. 0.2 MB/s (2474 bytes in 0.011s)
Coverage: Coverage:2.222222328186035
2024-09-27 16:07:24 - 所有设备的 fastbot 测试已完成。
monitor_fastbot.sh 已在后台启动。日志保存在 ./fastbot_monitor_logs/
